<?xml version="1.0" encoding="UTF-8"?>
<testng-results skipped="0" failed="0" ignored="0" total="1" passed="1">
  <reporter-output>
  </reporter-output>
  <suite name="Suite" duration-ms="54747" started-at="2018-03-15T10:05:28Z" finished-at="2018-03-15T10:06:22Z">
    <groups>
      <group name="cucumber">
        <method signature="AbstractTestNGCucumberTests.feature(cucumber.api.testng.CucumberFeatureWrapper)[pri:0, instance:com.runnerclass.Runnerclass@4883b407]" name="feature" class="cucumber.api.testng.AbstractTestNGCucumberTests"/>
      </group> <!-- cucumber -->
    </groups>
    <test name="Test" duration-ms="54747" started-at="2018-03-15T10:05:28Z" finished-at="2018-03-15T10:06:22Z">
      <class name="com.runnerclass.Runnerclass">
        <test-method status="PASS" signature="setUpClass()[pri:0, instance:com.runnerclass.Runnerclass@4883b407]" name="setUpClass" is-config="true" duration-ms="350" started-at="2018-03-15T10:05:28Z" finished-at="2018-03-15T10:05:28Z">
          <reporter-output>
          </reporter-output>
        </test-method> <!-- setUpClass -->
        <test-method status="PASS" signature="feature(cucumber.api.testng.CucumberFeatureWrapper)[pri:0, instance:com.runnerclass.Runnerclass@4883b407]" name="feature" duration-ms="54253" started-at="2018-03-15T10:05:28Z" description="Runs Cucumber Feature" data-provider="features" finished-at="2018-03-15T10:06:22Z">
          <params>
            <param index="0">
              <value>
                <![CDATA[Login Test]]>
              </value>
            </param>
          </params>
          <reporter-output>
          </reporter-output>
        </test-method> <!-- feature -->
        <test-method status="PASS" signature="tearDownClass()[pri:0, instance:com.runnerclass.Runnerclass@4883b407]" name="tearDownClass" is-config="true" duration-ms="4" started-at="2018-03-15T10:06:22Z" finished-at="2018-03-15T10:06:22Z">
          <reporter-output>
          </reporter-output>
        </test-method> <!-- tearDownClass -->
      </class> <!-- com.runnerclass.Runnerclass -->
    </test> <!-- Test -->
  </suite> <!-- Suite -->
</testng-results>
